build/app/outputs/mapping/r8/release/mapping.txt
# compiler: R8
# compiler_version: 1.2.49
# min_api: 16
...
io.flutter.view.AccessibilityViewEmbedder -> io.flutter.view.AccessibilityViewEmbedder:
io.flutter.view.AccessibilityViewEmbedder$1 -> io.flutter.view.h:
io.flutter.view.AccessibilityViewEmbedder$ReflectionAccessors -> io.flutter.view.AccessibilityViewEmbedder$a:
    java.lang.reflect.Field childNodeIdsField -> e
    java.lang.reflect.Method getChildId -> d
    java.lang.reflect.Method getParentNodeId -> b
    java.lang.reflect.Method getRecordSourceNodeId -> c
    java.lang.reflect.Method getSourceNodeId -> a
    java.lang.reflect.Method longArrayGetIndex -> f
    boolean isBitSet(long,int) -> a
    int access$200(long) -> a
    int getVirtualNodeId(long) -> b
    java.lang.Long access$100(io.flutter.view.AccessibilityViewEmbedder$ReflectionAccessors,android.view.accessibility.AccessibilityNodeInfo) -> a
    java.lang.Long access$300(io.flutter.view.AccessibilityViewEmbedder$ReflectionAccessors,android.view.accessibility.AccessibilityNodeInfo) -> b
    java.lang.Long access$500(io.flutter.view.AccessibilityViewEmbedder$ReflectionAccessors,android.view.accessibility.AccessibilityNodeInfo,int) -> a
    java.lang.Long access$600(io.flutter.view.AccessibilityViewEmbedder$ReflectionAccessors,android.view.accessibility.AccessibilityRecord) -> a
    java.lang.Long getChildId(android.view.accessibility.AccessibilityNodeInfo,int) -> a
    java.lang.Long getParentNodeId(android.view.accessibility.AccessibilityNodeInfo) -> b
    java.lang.Long getRecordSourceNodeId(android.view.accessibility.AccessibilityRecord) -> a
    java.lang.Long getSourceNodeId(android.view.accessibility.AccessibilityNodeInfo) -> a
io.flutter.view.AccessibilityViewEmbedder$ViewAndId -> io.flutter.view.AccessibilityViewEmbedder$b:
    android.view.View view -> a
    int id -> b
io.flutter.view.FlutterCallbackInformation -> io.flutter.view.FlutterCallbackInformation:
io.flutter.view.FlutterMain -> io.flutter.view.i:
    boolean isRunningInRobolectricTest -> a
    java.lang.String findAppBundlePath() -> a
    void ensureInitializationComplete(android.content.Context,java.lang.String[]) -> a
    void startInitialization(android.content.Context) -> a
io.flutter.view.FlutterNativeView -> io.flutter.view.k:
    android.content.Context mContext -> e
    boolean applicationIsRunning -> f
    io.flutter.app.FlutterPluginRegistry mPluginRegistry -> a
    io.flutter.embedding.engine.FlutterJNI mFlutterJNI -> d
    io.flutter.embedding.engine.dart.DartExecutor dartExecutor -> b
    io.flutter.embedding.engine.renderer.FlutterUiDisplayListener flutterUiDisplayListener -> g
    io.flutter.view.FlutterView mFlutterView -> c
    io.flutter.app.FlutterPluginRegistry access$200(io.flutter.view.FlutterNativeView) -> b
    io.flutter.view.FlutterView access$000(io.flutter.view.FlutterNativeView) -> a
    void attach(io.flutter.view.FlutterNativeView,boolean) -> a
    boolean isApplicationRunning() -> g
    boolean isAttached() -> e
    io.flutter.app.FlutterPluginRegistry getPluginRegistry() -> d
    io.flutter.embedding.engine.FlutterJNI getFlutterJNI() -> h
    io.flutter.embedding.engine.dart.DartExecutor getDartExecutor() -> c
    void assertAttached() -> f
    void attachViewAndActivity(io.flutter.view.FlutterView,android.app.Activity) -> a
    void destroy() -> b
    void detachFromFlutterView() -> a
    void runFromBundle(io.flutter.view.FlutterRunArguments) -> a
    void send(java.lang.String,java.nio.ByteBuffer,io.flutter.plugin.common.BinaryMessenger$BinaryReply) -> a
    void setMessageHandler(java.lang.String,io.flutter.plugin.common.BinaryMessenger$BinaryMessageHandler) -> a
io.flutter.view.FlutterNativeView$1 -> io.flutter.view.j:
    io.flutter.view.FlutterNativeView this$0 -> a
    void onFlutterUiDisplayed() -> b
    void onFlutterUiNoLongerDisplayed() -> a
io.flutter.view.FlutterNativeView$EngineLifecycleListenerImpl -> io.flutter.view.k$a:
    io.flutter.view.FlutterNativeView this$0 -> a
    void onPreEngineRestart() -> a